<?xml version="1.0" encoding="UTF-8"?>
<testsuite name="com.ibookleague.IbookleagueApplicationTests" tests="1" skipped="0" failures="0" errors="0" timestamp="2023-11-08T15:54:14" hostname="gusuyeon-ui-MacBookAir.local" time="0.671">
  <properties/>
  <testcase name="testJpa()" classname="com.ibookleague.IbookleagueApplicationTests" time="0.671"/>
  <system-out><![CDATA[00:54:11.977 [Test worker] INFO org.springframework.test.context.support.AnnotationConfigContextLoaderUtils -- Could not detect default configuration classes for test class [com.ibookleague.IbookleagueApplicationTests]: IbookleagueApplicationTests does not declare any static, non-private, non-final, nested classes annotated with @Configuration.
00:54:12.039 [Test worker] INFO org.springframework.boot.test.context.SpringBootTestContextBootstrapper -- Found @SpringBootConfiguration com.ibookleague.IbookleagueApplication for test class com.ibookleague.IbookleagueApplicationTests

  .   ____          _            __ _ _
 /\\ / ___'_ __ _ _(_)_ __  __ _ \ \ \ \
( ( )\___ | '_ | '_| | '_ \/ _` | \ \ \ \
 \\/  ___)| |_)| | | | | || (_| |  ) ) ) )
  '  |____| .__|_| |_|_| |_\__, | / / / /
 =========|_|==============|___/=/_/_/_/
 :: Spring Boot ::                (v3.1.5)

2023-11-09T00:54:12.215+09:00  INFO 3804 --- [    Test worker] c.i.IbookleagueApplicationTests          : Starting IbookleagueApplicationTests using Java 17.0.9 with PID 3804 (started by suyeon in /Users/suyeon/Desktop/소아/IBookleague)
2023-11-09T00:54:12.215+09:00  INFO 3804 --- [    Test worker] c.i.IbookleagueApplicationTests          : No active profile set, falling back to 1 default profile: "default"
2023-11-09T00:54:12.610+09:00  INFO 3804 --- [    Test worker] .s.d.r.c.RepositoryConfigurationDelegate : Bootstrapping Spring Data JPA repositories in DEFAULT mode.
2023-11-09T00:54:12.639+09:00  INFO 3804 --- [    Test worker] .s.d.r.c.RepositoryConfigurationDelegate : Finished Spring Data repository scanning in 25 ms. Found 7 JPA repository interfaces.
2023-11-09T00:54:12.851+09:00  INFO 3804 --- [    Test worker] o.hibernate.jpa.internal.util.LogHelper  : HHH000204: Processing PersistenceUnitInfo [name: default]
2023-11-09T00:54:12.882+09:00  INFO 3804 --- [    Test worker] org.hibernate.Version                    : HHH000412: Hibernate ORM core version 6.2.13.Final
2023-11-09T00:54:12.883+09:00  INFO 3804 --- [    Test worker] org.hibernate.cfg.Environment            : HHH000406: Using bytecode reflection optimizer
2023-11-09T00:54:12.997+09:00  INFO 3804 --- [    Test worker] o.s.o.j.p.SpringPersistenceUnitInfo      : No LoadTimeWeaver setup: ignoring JPA class transformer
2023-11-09T00:54:13.011+09:00  INFO 3804 --- [    Test worker] com.zaxxer.hikari.HikariDataSource       : HikariPool-1 - Starting...
2023-11-09T00:54:13.116+09:00  INFO 3804 --- [    Test worker] com.zaxxer.hikari.pool.HikariPool        : HikariPool-1 - Added connection conn0: url=jdbc:h2:~/local user=SA
2023-11-09T00:54:13.117+09:00  INFO 3804 --- [    Test worker] com.zaxxer.hikari.HikariDataSource       : HikariPool-1 - Start completed.
2023-11-09T00:54:13.129+09:00  WARN 3804 --- [    Test worker] org.hibernate.orm.deprecation            : HHH90000025: H2Dialect does not need to be specified explicitly using 'hibernate.dialect' (remove the property setting and it will be selected by default)
2023-11-09T00:54:13.571+09:00  INFO 3804 --- [    Test worker] o.h.e.t.j.p.i.JtaPlatformInitiator       : HHH000489: No JTA platform available (set 'hibernate.transaction.jta.platform' to enable JTA platform integration)
2023-11-09T00:54:13.604+09:00  INFO 3804 --- [    Test worker] j.LocalContainerEntityManagerFactoryBean : Initialized JPA EntityManagerFactory for persistence unit 'default'
2023-11-09T00:54:13.821+09:00  WARN 3804 --- [    Test worker] JpaBaseConfiguration$JpaWebConfiguration : spring.jpa.open-in-view is enabled by default. Therefore, database queries may be performed during view rendering. Explicitly configure spring.jpa.open-in-view to disable this warning
2023-11-09T00:54:13.830+09:00  WARN 3804 --- [    Test worker] .s.s.UserDetailsServiceAutoConfiguration : 

Using generated security password: 4fb82061-caf5-476e-9a60-45b7c4fe48ce

This generated password is for development use only. Your security configuration must be updated before running your application in production.

2023-11-09T00:54:13.890+09:00  INFO 3804 --- [    Test worker] o.s.s.web.DefaultSecurityFilterChain     : Will secure any request with [org.springframework.security.web.session.DisableEncodeUrlFilter@518ed9b4, org.springframework.security.web.context.request.async.WebAsyncManagerIntegrationFilter@20e73e41, org.springframework.security.web.context.SecurityContextHolderFilter@3b8c15de, org.springframework.security.web.header.HeaderWriterFilter@7c35d7d, org.springframework.security.web.csrf.CsrfFilter@628cb8e0, org.springframework.security.web.authentication.logout.LogoutFilter@31c29db1, org.springframework.security.web.authentication.UsernamePasswordAuthenticationFilter@1503f434, org.springframework.security.web.savedrequest.RequestCacheAwareFilter@64ff0eaa, org.springframework.security.web.servletapi.SecurityContextHolderAwareRequestFilter@6ddc817f, org.springframework.security.web.authentication.AnonymousAuthenticationFilter@694dc99b, org.springframework.security.web.access.ExceptionTranslationFilter@60493524, org.springframework.security.web.access.intercept.AuthorizationFilter@59ac60d1]
2023-11-09T00:54:14.029+09:00  INFO 3804 --- [    Test worker] o.s.b.a.w.s.WelcomePageHandlerMapping    : Adding welcome page template: index
2023-11-09T00:54:14.174+09:00  INFO 3804 --- [    Test worker] o.s.b.a.h2.H2ConsoleAutoConfiguration    : H2 console available at '/h2-console'. Database available at 'jdbc:h2:~/local'
2023-11-09T00:54:14.219+09:00  INFO 3804 --- [    Test worker] c.i.IbookleagueApplicationTests          : Started IbookleagueApplicationTests in 2.116 seconds (process running for 2.635)
1작품명 : 아버지의 해방일지      작가명 : 정지아
Hibernate: 
    insert 
    into
        book
        (author,content,subject,id) 
    values
        (?,?,?,default)
2작품명 : 불편한 편의점      작가명 : 김호연
Hibernate: 
    insert 
    into
        book
        (author,content,subject,id) 
    values
        (?,?,?,default)
3작품명 : 홍학의 자리      작가명 : 정해연
Hibernate: 
    insert 
    into
        book
        (author,content,subject,id) 
    values
        (?,?,?,default)
4작품명 : 사랑의 이해      작가명 : 이혁진
Hibernate: 
    insert 
    into
        book
        (author,content,subject,id) 
    values
        (?,?,?,default)
5작품명 : 칵테일, 러브, 좀비      작가명 : 조예은
Hibernate: 
    insert 
    into
        book
        (author,content,subject,id) 
    values
        (?,?,?,default)
6작품명 : 하얼빈      작가명 : 김훈
Hibernate: 
    insert 
    into
        book
        (author,content,subject,id) 
    values
        (?,?,?,default)
7작품명 : 이토록 평범한 미래      작가명 : 김연수
Hibernate: 
    insert 
    into
        book
        (author,content,subject,id) 
    values
        (?,?,?,default)
8작품명 : 구의 증명      작가명 : 최진영
Hibernate: 
    insert 
    into
        book
        (author,content,subject,id) 
    values
        (?,?,?,default)
9작품명 : 밝은 밤      작가명 : 최은영
Hibernate: 
    insert 
    into
        book
        (author,content,subject,id) 
    values
        (?,?,?,default)
10작품명 : 고래      작가명 : 천명관
Hibernate: 
    insert 
    into
        book
        (author,content,subject,id) 
    values
        (?,?,?,default)
11작품명 : 아주 희미한 빛으로도      작가명 : 최은영
Hibernate: 
    insert 
    into
        book
        (author,content,subject,id) 
    values
        (?,?,?,default)
12작품명 : 이상 소설 전집      작가명 : 이상
Hibernate: 
    insert 
    into
        book
        (author,content,subject,id) 
    values
        (?,?,?,default)
13작품명 : 탄금 - 금을 삼키다      작가명 : 장다혜
Hibernate: 
    insert 
    into
        book
        (author,content,subject,id) 
    values
        (?,?,?,default)
14작품명 : 보건교사 안은영      작가명 : 정세랑
Hibernate: 
    insert 
    into
        book
        (author,content,subject,id) 
    values
        (?,?,?,default)
15작품명 : 재수사 1      작가명 : 장강명
Hibernate: 
    insert 
    into
        book
        (author,content,subject,id) 
    values
        (?,?,?,default)
16작품명 : 개정판 | 작은 땅의 야수들      작가명 : 김주혜
Hibernate: 
    insert 
    into
        book
        (author,content,subject,id) 
    values
        (?,?,?,default)
17작품명 : 한국이 싫어서      작가명 : 장강명
Hibernate: 
    insert 
    into
        book
        (author,content,subject,id) 
    values
        (?,?,?,default)
18작품명 : 작별하지 않는다      작가명 : 한강
Hibernate: 
    insert 
    into
        book
        (author,content,subject,id) 
    values
        (?,?,?,default)
19작품명 : 유령의 마음으로      작가명 : 임선우
Hibernate: 
    insert 
    into
        book
        (author,content,subject,id) 
    values
        (?,?,?,default)
20작품명 : 낫 서울 낫 소울      작가명 : 전혜진
Hibernate: 
    insert 
    into
        book
        (author,content,subject,id) 
    values
        (?,?,?,default)
21작품명 : 언러키 스타트업      작가명 : 정지음
Hibernate: 
    insert 
    into
        book
        (author,content,subject,id) 
    values
        (?,?,?,default)
22작품명 : 더블      작가명 : 정해연
Hibernate: 
    insert 
    into
        book
        (author,content,subject,id) 
    values
        (?,?,?,default)
23작품명 : 2022 김승옥문학상 수상작품집      작가명 : 편혜영
Hibernate: 
    insert 
    into
        book
        (author,content,subject,id) 
    values
        (?,?,?,default)
24작품명 : 마음에 없는 소리      작가명 : 김지연
Hibernate: 
    insert 
    into
        book
        (author,content,subject,id) 
    values
        (?,?,?,default)
25작품명 : 트렁크      작가명 : 김려령
Hibernate: 
    insert 
    into
        book
        (author,content,subject,id) 
    values
        (?,?,?,default)
26작품명 : 고요한 우연      작가명 : 김수빈
Hibernate: 
    insert 
    into
        book
        (author,content,subject,id) 
    values
        (?,?,?,default)
27작품명 : 므레모사      작가명 : 김초엽
Hibernate: 
    insert 
    into
        book
        (author,content,subject,id) 
    values
        (?,?,?,default)
28작품명 : 달까지 가자      작가명 : 장류진
Hibernate: 
    insert 
    into
        book
        (author,content,subject,id) 
    values
        (?,?,?,default)
29작품명 : 있을 법한 모든 것      작가명 : 구병모
Hibernate: 
    insert 
    into
        book
        (author,content,subject,id) 
    values
        (?,?,?,default)
30작품명 : 절연      작가명 : 정세랑
Hibernate: 
    insert 
    into
        book
        (author,content,subject,id) 
    values
        (?,?,?,default)
31작품명 : 오버 더 초이스 세트(전2권)      작가명 : 이영도
Hibernate: 
    insert 
    into
        book
        (author,content,subject,id) 
    values
        (?,?,?,default)
32작품명 : 이 방에서 1년 버티면 1억      작가명 : 경민선
Hibernate: 
    insert 
    into
        book
        (author,content,subject,id) 
    values
        (?,?,?,default)
33작품명 : 개정판｜나는 나를 파괴할 권리가 있다      작가명 : 김영하
Hibernate: 
    insert 
    into
        book
        (author,content,subject,id) 
    values
        (?,?,?,default)
34작품명 : 당신에게 가고 있어      작가명 : 김보영
Hibernate: 
    insert 
    into
        book
        (author,content,subject,id) 
    values
        (?,?,?,default)
35작품명 : 그 많던 싱아는 누가 다 먹었을까      작가명 : 박완서
Hibernate: 
    insert 
    into
        book
        (author,content,subject,id) 
    values
        (?,?,?,default)
36작품명 : 우리가 겨울을 지나온 방식      작가명 : 문미순
Hibernate: 
    insert 
    into
        book
        (author,content,subject,id) 
    values
        (?,?,?,default)
37작품명 : 고구려 1권      작가명 : 김진명
Hibernate: 
    insert 
    into
        book
        (author,content,subject,id) 
    values
        (?,?,?,default)
38작품명 : 안녕 주정뱅이      작가명 : 권여선
Hibernate: 
    insert 
    into
        book
        (author,content,subject,id) 
    values
        (?,?,?,default)
39작품명 : 개정판 | 엘리베이터에 낀 그 남자는 어떻게 되었나      작가명 : 김영하
Hibernate: 
    insert 
    into
        book
        (author,content,subject,id) 
    values
        (?,?,?,default)
40작품명 : 뜨거운 피      작가명 : 김언수
Hibernate: 
    insert 
    into
        book
        (author,content,subject,id) 
    values
        (?,?,?,default)
41작품명 : 고독사 워크숍      작가명 : 박지영
Hibernate: 
    insert 
    into
        book
        (author,content,subject,id) 
    values
        (?,?,?,default)
42작품명 : 푸틴을 죽이는 완벽한 방법      작가명 : 김진명
Hibernate: 
    insert 
    into
        book
        (author,content,subject,id) 
    values
        (?,?,?,default)
43작품명 : 아무도 아닌      작가명 : 황정은
Hibernate: 
    insert 
    into
        book
        (author,content,subject,id) 
    values
        (?,?,?,default)
44작품명 : 나목      작가명 : 박완서
Hibernate: 
    insert 
    into
        book
        (author,content,subject,id) 
    values
        (?,?,?,default)
]]></system-out>
  <system-err><![CDATA[]]></system-err>
</testsuite>
